<?xml version="1.0" encoding="UTF-8"?>
<testsuite name="dev.moriamap.model.EdgeTupleTest" tests="1" skipped="0" failures="0" errors="0" timestamp="2023-04-04T20:47:11" hostname="manj" time="0.114">
  <properties/>
  <testcase name="returnedListHasExpectedSize()" classname="dev.moriamap.model.EdgeTupleTest" time="0.114"/>
  <system-out><![CDATA[]]></system-out>
  <system-err><![CDATA[]]></system-err>
</testsuite>
